<?xml version="1.0" encoding="UTF-8"?>
<!-- Generated by org.testng.reporters.JUnitReportReporter -->
<testsuite hostname="Mounika" failures="0" tests="1" name="tests.NewTest01" time="13.933" errors="0" timestamp="2023-09-01T23:37:57 IST" skipped="0">
  <testcase classname="tests.NewTest01" name="webpageopen" time="13.933"/>
  <system-out/>
</testsuite> <!-- tests.NewTest01 -->
